hp-check[868488]: info: :
hp-check[868488]: info: :[01mHP Linux Imaging and Printing System (ver. 3.23.8)[0m
hp-check[868488]: info: :[01mDependency/Version Check Utility ver. 15.1[0m
hp-check[868488]: info: :
hp-check[868488]: info: :Copyright (c) 2001-18 HP Development Company, LP
hp-check[868488]: info: :This software comes with ABSOLUTELY NO WARRANTY.
hp-check[868488]: info: :This is free software, and you are welcome to distribute it
hp-check[868488]: info: :under certain conditions. See COPYING file for more details.
hp-check[868488]: info: :
hp-check[868488]: info: :[01mNote: hp-check can be run in three modes:[0m
hp-check[868488]: info: :1. Compile-time check mode (-c or --compile): Use this mode before compiling the HPLIP supplied tarball (.tar.gz or .run) to   
hp-check[868488]: info: :determine if the proper dependencies are installed to successfully compile HPLIP.                                              
hp-check[868488]: info: :2. Run-time check mode (-r or --run): Use this mode to determine if a distro supplied package (.deb, .rpm, etc) or an already  
hp-check[868488]: info: :built HPLIP supplied tarball has the proper dependencies installed to successfully run.                                        
hp-check[868488]: info: :3. Both compile- and run-time check mode (-b or --both) (Default): This mode will check both of the above cases (both compile- 
hp-check[868488]: info: :and run-time dependencies).                                                                                                    
hp-check[868488]: info: :
hp-check[868488]: info: :Check types:                                                                                                                   
hp-check[868488]: info: :a. EXTERNALDEP - External Dependencies                                                                                         
hp-check[868488]: info: :b. GENERALDEP - General Dependencies (required both at compile and run time)                                                   
hp-check[868488]: info: :c. COMPILEDEP - Compile time Dependencies                                                                                      
hp-check[868488]: info: :d. [All are run-time checks]                                                                                                   
hp-check[868488]: info: :PYEXT SCANCONF QUEUES PERMISSION                                                                                               
hp-check[868488]: info: :
hp-check[868488]: info: :Status Types:
hp-check[868488]: info: :    OK
hp-check[868488]: info: :    MISSING       - Missing Dependency or Permission or Plug-in
hp-check[868488]: info: :    INCOMPAT      - Incompatible dependency-version or Plugin-version
hp-check[868488]: info: :
warning: [01m0- version is not supported. Using 0-0 versions dependencies to verify and install...[0m
hp-check[868488]: info: :
hp-check[868488]: info: :---------------
hp-check[868488]: info: :| SYSTEM INFO |
hp-check[868488]: info: :---------------
hp-check[868488]: info: :
hp-check[868488]: info: : Kernel: 6.6.1-arch1-1 #1 SMP PREEMPT_DYNAMIC Wed, 08 Nov 2023 16:05:38 +0000 GNU/Linux
 Host: archlinux
 Proc: 6.6.1-arch1-1 #1 SMP PREEMPT_DYNAMIC Wed, 08 Nov 2023 16:05:38 +0000 GNU/Linux
 Distribution: 0 
hp-check[868488]: info: : Bitness: 64 bit

hp-check[868488]: info: :
hp-check[868488]: info: :-----------------------
hp-check[868488]: info: :| HPLIP CONFIGURATION |
hp-check[868488]: info: :-----------------------
hp-check[868488]: info: :
hp-check[868488]: info: :HPLIP-Version: HPLIP 3.23.8
hp-check[868488]: info: :HPLIP-Home: /usr/share/hplip
warning: HPLIP-Installation: Auto installation is not supported for 0 distro   version 
hp-check[868488]: info: :
hp-check[868488]: info: :[01mCurrent contents of '/etc/hp/hplip.conf' file:[0m
hp-check[868488]: info: :# hplip.conf.  Generated from hplip.conf.in by configure.

[hplip]
version=3.23.8

[dirs]
home=/usr/share/hplip
run=/var/run
ppd=/usr/share/ppd/HP
ppdbase=/usr/share/ppd
doc=/usr/share/doc/hplip-3.23.8
html=/usr/share/doc/hplip-3.23.8
icon=/usr/share/applications
cupsbackend=/usr/lib/cups/backend
cupsfilter=/usr/lib/cups/filter
drv=/usr/share/cups/drv/hp
bin=/usr/bin
apparmor=/etc/apparmor.d
# Following values are determined at configure time and cannot be changed.
[configure]
network-build=yes
libusb01-build=no
pp-build=yes
gui-build=yes
scanner-build=yes
fax-build=yes
dbus-build=yes
cups11-build=no
doc-build=yes
shadow-build=no
hpijs-install=no
foomatic-drv-install=no
foomatic-ppd-install=no
foomatic-rip-hplip-install=no
hpcups-install=yes
cups-drv-install=yes
cups-ppd-install=no
internal-tag=3.23.8
restricted-build=no
ui-toolkit=qt5
qt3=no
qt4=no
qt5=yes
policy-kit=no
lite-build=no
udev_sysfs_rules=no
hpcups-only-build=no
hpijs-only-build=no
apparmor_build=no
class-driver=no

hp-check[868488]: info: :
hp-check[868488]: info: :[01mCurrent contents of '/var/lib/hp/hplip.state' file:[0m
hp-check[868488]: info: :[plugin]
installed = 1
eula = 1
version = 3.22.10


hp-check[868488]: info: :
hp-check[868488]: info: :[01mCurrent contents of '~/.hplip/hplip.conf' file:[0m
hp-check[868488]: info: :[installation]
date_time = 12/07/23 11:06:14
version = 3.23.8

[last_used]
device_uri = hpaio:/usb/HP_LaserJet_Professional_M1136_MFP?serial=000000000QHBHC9SPR1a


hp-check[868488]: info: : <Package-name>        <Package-Desc>      <Required/Optional> <Min-Version> <Installed-Version> <Status>   <Comment>
hp-check[868488]: info: :
hp-check[868488]: info: :-------------------------
hp-check[868488]: info: :| External Dependencies |
hp-check[868488]: info: :-------------------------
hp-check[868488]: info: :
hp-check[868488]: info: :[31;01m error: cups          CUPS - Common Unix Printing System                           REQUIRED        1.1             2.4.7           MISSING    'CUPS may not be installed or not running'[0m
hp-check[868488]: info: : gs                   GhostScript - PostScript and PDF language interpreter and previewer REQUIRED        7.05            10.02.1         OK         -
hp-check[868488]: info: : xsane                xsane - Graphical scanner frontend for SANE                  OPTIONAL        0.9             0.999           OK         -
hp-check[868488]: info: : scanimage            scanimage - Shell scanning program                           OPTIONAL        1.0             1.2.1           OK         -
hp-check[868488]: info: : dbus                 DBus - Message bus system                                    REQUIRED        -               1.14.10         OK         -
hp-check[868488]: info: : policykit            PolicyKit - Administrative policy framework                  OPTIONAL        -               123             OK         -
hp-check[868488]: info: : network              network -wget                                                OPTIONAL        -               1.21.4          OK         -
hp-check[868488]: info: : avahi-utils          avahi-utils                                                  OPTIONAL        -               0.8             OK         -
hp-check[868488]: info: :
hp-check[868488]: info: :------------------------
hp-check[868488]: info: :| General Dependencies |
hp-check[868488]: info: :------------------------
hp-check[868488]: info: :
hp-check[868488]: info: : libjpeg              libjpeg - JPEG library                                       REQUIRED        -               -               OK         -
hp-check[868488]: info: : cups-devel           CUPS devel- Common Unix Printing System development files    REQUIRED        -               2.4.7           OK         -
hp-check[868488]: info: : cups-image           CUPS image - CUPS image development files                    REQUIRED        -               2.4.7           OK         -
hp-check[868488]: info: : libpthread           libpthread - POSIX threads library                           REQUIRED        -               b'2.38'         OK         -
hp-check[868488]: info: : libusb               libusb - USB library                                         REQUIRED        -               1.0             OK         -
hp-check[868488]: info: : sane                 SANE - Scanning library                                      REQUIRED        -               1.2.1           OK         -
hp-check[868488]: info: : sane-devel           SANE - Scanning library development files                    REQUIRED        -               1.2.1           OK         -
hp-check[868488]: info: : libavahi-dev         libavahi-dev                                                 REQUIRED        -               -               OK         -
hp-check[868488]: info: : libnetsnmp-devel     libnetsnmp-devel - SNMP networking library development files REQUIRED        5.0.9           5.9.1           OK         -
hp-check[868488]: info: : libcrypto            libcrypto - OpenSSL cryptographic library                    REQUIRED        -               3.1.4           OK         -
hp-check[868488]: info: : python3X             Python 2.2 or greater - Python programming language          REQUIRED        2.2             3.11.5          OK         -
hp-check[868488]: info: :[31;01m error: python3-notify2 Python libnotify - Python bindings for the libnotify Desktop notifications OPTIONAL        -               -               MISSING    'python3-notify2 needs to be installed'[0m
hp-check[868488]: info: :[31;01m error: python3-pyqt4-dbus PyQt 4 DBus - DBus Support for PyQt4                         OPTIONAL        4.0             -               MISSING    'python3-pyqt4-dbus needs to be installed'[0m
hp-check[868488]: info: :[31;01m error: python3-pyqt4 PyQt 4- Qt interface for Python (for Qt version 4.x)         REQUIRED        4.0             -               MISSING    'python3-pyqt4 needs to be installed'[0m
hp-check[868488]: info: : python3-dbus         Python DBus - Python bindings for DBus                       REQUIRED        0.80.0          1.3.2           OK         -
hp-check[868488]: info: : python3-xml          Python XML libraries                                         REQUIRED        -               2.5.0           OK         -
hp-check[868488]: info: : python3-devel        Python devel - Python development files                      REQUIRED        2.2             3.11.5          OK         -
hp-check[868488]: info: : python3-pil          PIL - Python Imaging Library (required for commandline scanning with hp-scan) OPTIONAL        -               10.1.0          OK         -
hp-check[868488]: info: :[31;01m error: python3-reportlab Reportlab - PDF library for Python                           OPTIONAL        2.0             -               MISSING    'python3-reportlab needs to be installed'[0m
hp-check[868488]: info: :
hp-check[868488]: info: :--------------
hp-check[868488]: info: :| COMPILEDEP |
hp-check[868488]: info: :--------------
hp-check[868488]: info: :
hp-check[868488]: info: : libtool              libtool - Library building support services                  REQUIRED        -               2.4.7           OK         -
hp-check[868488]: info: : gcc                  gcc - GNU Project C and C++ Compiler                         REQUIRED        -               13.2.1          OK         -
hp-check[868488]: info: : make                 make - GNU make utility to maintain groups of programs       REQUIRED        3.0             4.4.1           OK         -
hp-check[868488]: info: :
hp-check[868488]: info: :---------------------
hp-check[868488]: info: :| Python Extentions |
hp-check[868488]: info: :---------------------
hp-check[868488]: info: :
hp-check[868488]: info: : cupsext              CUPS-Extension                                               REQUIRED        -               3.23.8          OK         -
hp-check[868488]: info: : hpmudext             IO-Extension                                                 REQUIRED        -               3.23.8          OK         -
hp-check[868488]: info: :
hp-check[868488]: info: :----------------------
hp-check[868488]: info: :| Scan Configuration |
hp-check[868488]: info: :----------------------
hp-check[868488]: info: :
hp-check[868488]: info: : hpaio                HPLIP-SANE-Backend                                           REQUIRED        -               3.23.8          OK         'hpaio found in /etc/sane.d/dll.conf'
hp-check[868488]: info: : scanext              Scan-SANE-Extension                                          REQUIRED        -               3.23.8          OK         -
hp-check[868488]: info: :
hp-check[868488]: info: :------------------------------
hp-check[868488]: info: :| DISCOVERED SCANNER DEVICES |
hp-check[868488]: info: :------------------------------
hp-check[868488]: info: :
hp-check[868488]: info: :device `v4l:/dev/video2' is a Noname Integrated Camera: Integrated I virtual device
device `v4l:/dev/video0' is a Noname Integrated Camera: Integrated C virtual device
device `v4l:/dev/video2' is a Noname Integrated Camera: Integrated I virtual device
device `v4l:/dev/video0' is a Noname Integrated Camera: Integrated C virtual device

hp-check[868488]: info: :
hp-check[868488]: info: :--------------------------
hp-check[868488]: info: :| DISCOVERED USB DEVICES |
hp-check[868488]: info: :--------------------------
hp-check[868488]: info: :
hp-check[868488]: info: :No devices found.
hp-check[868488]: info: :
hp-check[868488]: info: :---------------------------------
hp-check[868488]: info: :| INSTALLED CUPS PRINTER QUEUES |
hp-check[868488]: info: :---------------------------------
hp-check[868488]: info: :
hp-check[868488]: info: :
hp-check[868488]: info: :[01mlpstat[0m
hp-check[868488]: info: :[01m------[0m
hp-check[868488]: info: :Type: Unknown
hp-check[868488]: info: :Device URI: Scheduler is not running.
hp-check[868488]: info: :
hp-check[868488]: info: :
hp-check[868488]: info: :--------------
hp-check[868488]: info: :| PERMISSION |
hp-check[868488]: info: :--------------
hp-check[868488]: info: :
hp-check[868488]: info: :
hp-check[868488]: info: :-----------
hp-check[868488]: info: :| SUMMARY |
hp-check[868488]: info: :-----------
hp-check[868488]: info: :
hp-check[868488]: info: :[01mMissing Required Dependencies[0m
hp-check[868488]: info: :[01m-----------------------------[0m
hp-check[868488]: info: :None
hp-check[868488]: info: :
hp-check[868488]: info: :[01mMissing Optional Dependencies[0m
hp-check[868488]: info: :[01m-----------------------------[0m
hp-check[868488]: info: :None

hp-check[868488]: info: :
hp-check[868488]: info: :Total Errors: 5
hp-check[868488]: info: :Total Warnings: 0
hp-check[868488]: info: :
hp-check[868488]: info: :
hp-check[868488]: info: :Done.
